2025-12-03 11:18:53 [[32MINFO[39M]: ðŸŽ§ Äang láº¯ng nghe stream: data_source1_kho_stream
2025-12-03 11:18:53 [[32MINFO[39M]: ðŸŽ§ Äang láº¯ng nghe stream: data_source2_web_stream
2025-12-03 11:18:53 [[32MINFO[39M]: ðŸš€ Há»‡ thá»‘ng Integration Ä‘ang cháº¡y. Nháº¥n Ctrl+C Ä‘á»ƒ dá»«ng.
2025-12-03 11:18:53 [[32MINFO[39M]: ðŸ” Mapping: 'ChiTietKiemKe' -> 'Kho1_ChiTietKiemKe' (Score: 0.050)
2025-12-03 11:18:53 [[32MINFO[39M]: ðŸ” Mapping: 'ChiTietKiemKe' -> 'Kho1_ChiTietKiemKe' (Score: 0.050)
2025-12-03 11:18:53 [[32MINFO[39M]: ðŸ” Mapping: 'ChiTietKiemKe' -> 'Kho1_ChiTietKiemKe' (Score: 0.050)
2025-12-03 11:18:53 [[32MINFO[39M]: ðŸ” Mapping: 'ChiTietKiemKe' -> 'Kho1_ChiTietKiemKe' (Score: 0.050)
2025-12-03 11:18:53 [[32MINFO[39M]: ðŸ” Mapping: 'ChiTietKiemKe' -> 'Kho1_ChiTietKiemKe' (Score: 0.050)
2025-12-03 11:18:53 [[32MINFO[39M]: ðŸ” Mapping: 'ChiTietTraHang' -> 'Kho1_ChiTietTraHang' (Score: 0.050)
2025-12-03 11:18:53 [[32MINFO[39M]: ðŸ” Mapping: 'ChiTietTraHang' -> 'Kho1_ChiTietTraHang' (Score: 0.050)
2025-12-03 11:18:53 [[32MINFO[39M]: ðŸ” Mapping: 'ChiTietTraHang' -> 'Kho1_ChiTietTraHang' (Score: 0.050)
2025-12-03 11:18:53 [[32MINFO[39M]: ðŸ” Mapping: 'ChiTietTraHang' -> 'Kho1_ChiTietTraHang' (Score: 0.050)
2025-12-03 11:18:53 [[32MINFO[39M]: ðŸ” Mapping: 'PhieuKiemKe' -> 'Kho1_PhieuKiemKe' (Score: 0.050)
2025-12-03 11:18:53 [[32MINFO[39M]: ðŸ” Mapping: 'PhieuKiemKe' -> 'Kho1_PhieuKiemKe' (Score: 0.050)
2025-12-03 11:18:53 [[32MINFO[39M]: ðŸ” Mapping: 'PhieuKiemKe' -> 'Kho1_PhieuKiemKe' (Score: 0.050)
2025-12-03 11:18:53 [[32MINFO[39M]: ðŸ” Mapping: 'PhieuKiemKe' -> 'Kho1_PhieuKiemKe' (Score: 0.050)
2025-12-03 11:18:53 [[32MINFO[39M]: ðŸ” Mapping: 'PhieuTraHang' -> 'Kho1_PhieuTraHang' (Score: 0.050)
2025-12-03 11:18:53 [[32MINFO[39M]: ðŸ” Mapping: 'PhieuTraHang' -> 'Kho1_PhieuTraHang' (Score: 0.050)
2025-12-03 11:18:53 [[32MINFO[39M]: ðŸ” Mapping: 'PhieuTraHang' -> 'Kho1_PhieuTraHang' (Score: 0.050)
2025-12-03 11:18:53 [[32MINFO[39M]: ðŸ” Mapping: 'PhieuTraHang' -> 'Kho1_PhieuTraHang' (Score: 0.050)
2025-12-03 11:18:53 [[32MINFO[39M]: ðŸ” Mapping: 'TonKhoChiTiet' -> 'Kho1_TonKhoChiTiet' (Score: 0.050)
2025-12-03 11:18:53 [[32MINFO[39M]: ðŸ” Mapping: 'TonKhoChiTiet' -> 'Kho1_TonKhoChiTiet' (Score: 0.050)
2025-12-03 11:18:53 [[32MINFO[39M]: ðŸ” Mapping: 'TonKhoChiTiet' -> 'Kho1_TonKhoChiTiet' (Score: 0.050)
2025-12-03 11:18:53 [[32MINFO[39M]: ðŸ” Mapping: 'TonKhoChiTiet' -> 'Kho1_TonKhoChiTiet' (Score: 0.050)
2025-12-03 11:18:53 [[32MINFO[39M]: ðŸ” Mapping: 'TonKhoChiTiet' -> 'Kho1_TonKhoChiTiet' (Score: 0.050)
2025-12-03 11:18:53 [[32MINFO[39M]: ðŸ” Mapping: 'TonKhoChiTiet' -> 'Kho1_TonKhoChiTiet' (Score: 0.050)
2025-12-03 11:18:53 [[32MINFO[39M]: ðŸ” Mapping: 'TonKhoChiTiet' -> 'Kho1_TonKhoChiTiet' (Score: 0.050)
2025-12-03 11:18:53 [[32MINFO[39M]: ðŸ” Mapping: 'TonKhoChiTiet' -> 'Kho1_TonKhoChiTiet' (Score: 0.050)
2025-12-03 11:18:53 [[32MINFO[39M]: ðŸ” Mapping: 'VanDon' -> 'Kho1_VanDon' (Score: 0.050)
2025-12-03 11:18:53 [[32MINFO[39M]: ðŸ” Mapping: 'VanDon' -> 'Kho1_VanDon' (Score: 0.050)
2025-12-03 11:18:53 [[32MINFO[39M]: ðŸ” Mapping: 'VanDon' -> 'Kho1_VanDon' (Score: 0.050)
2025-12-03 11:18:53 [[32MINFO[39M]: ðŸ” Mapping: 'VanDon' -> 'Kho1_VanDon' (Score: 0.050)
2025-12-03 11:18:53 [[32MINFO[39M]: ðŸ” Mapping: 'VanDon' -> 'Kho1_VanDon' (Score: 0.050)
2025-12-03 11:18:54 [[32MINFO[39M]: ðŸ” Mapping: 'SanPham_Thue' -> 'SanPham_KhuyenMai' (Score: 0.167)
2025-12-03 11:18:54 [[32MINFO[39M]: ðŸ” Mapping: 'SanPham_Thue' -> 'SanPham_KhuyenMai' (Score: 0.167)
2025-12-03 11:18:54 [[32MINFO[39M]: ðŸ” Mapping: 'SanPham_Thue' -> 'SanPham_KhuyenMai' (Score: 0.167)
2025-12-03 11:18:54 [[32MINFO[39M]: ðŸ” Mapping: 'SanPham_Thue' -> 'SanPham_KhuyenMai' (Score: 0.167)
2025-12-03 11:18:54 [[32MINFO[39M]: ðŸ” Mapping: 'SanPham_Thue' -> 'SanPham_KhuyenMai' (Score: 0.167)
2025-12-03 11:18:54 [[32MINFO[39M]: ðŸ” Mapping: 'SanPham_Thue' -> 'SanPham_KhuyenMai' (Score: 0.167)
2025-12-03 11:18:54 [[32MINFO[39M]: ðŸ” Mapping: 'SanPham_Thue' -> 'SanPham_KhuyenMai' (Score: 0.167)
2025-12-03 11:18:54 [[32MINFO[39M]: ðŸ” Mapping: 'SanPham_Thue' -> 'SanPham_KhuyenMai' (Score: 0.167)
2025-12-03 11:18:54 [[32MINFO[39M]: ðŸ” Mapping: 'SanPham_Thue' -> 'SanPham_KhuyenMai' (Score: 0.167)
2025-12-03 11:18:54 [[32MINFO[39M]: ðŸ” Mapping: 'SoDiaChi' -> 'Web1_SoDiaChi' (Score: 0.050)
2025-12-03 11:18:54 [[32MINFO[39M]: ðŸ” Mapping: 'SoDiaChi' -> 'Web1_SoDiaChi' (Score: 0.050)
2025-12-03 11:18:54 [[32MINFO[39M]: ðŸ” Mapping: 'SoDiaChi' -> 'Web1_SoDiaChi' (Score: 0.050)
2025-12-03 11:18:54 [[32MINFO[39M]: ðŸ” Mapping: 'SoDiaChi' -> 'Web1_SoDiaChi' (Score: 0.050)
2025-12-03 11:18:54 [[32MINFO[39M]: ðŸ” Mapping: 'SoDiaChi' -> 'Web1_SoDiaChi' (Score: 0.050)
2025-12-03 11:18:54 [[32MINFO[39M]: ðŸ” Mapping: 'SoDiaChi' -> 'Web1_SoDiaChi' (Score: 0.050)
2025-12-03 11:18:54 [[32MINFO[39M]: ðŸ” Mapping: 'TaiKhoan' -> 'Web1_TaiKhoan' (Score: 0.050)
2025-12-03 11:18:54 [[32MINFO[39M]: ðŸ” Mapping: 'TaiKhoan' -> 'Web1_TaiKhoan' (Score: 0.050)
2025-12-03 11:18:54 [[32MINFO[39M]: ðŸ” Mapping: 'TaiKhoan' -> 'Web1_TaiKhoan' (Score: 0.050)
2025-12-03 11:18:54 [[32MINFO[39M]: ðŸ” Mapping: 'TaiKhoan' -> 'Web1_TaiKhoan' (Score: 0.050)
2025-12-03 11:18:54 [[32MINFO[39M]: ðŸ” Mapping: 'TaiKhoan' -> 'Web1_TaiKhoan' (Score: 0.050)
2025-12-03 11:18:54 [[32MINFO[39M]: ðŸ” Mapping: 'TaiKhoan' -> 'Web1_TaiKhoan' (Score: 0.050)
2025-12-03 11:18:54 [[32MINFO[39M]: ðŸ” Mapping: 'TaiKhoan' -> 'Web1_TaiKhoan' (Score: 0.050)
2025-12-03 11:18:54 [[32MINFO[39M]: ðŸ” Mapping: 'TaiKhoan' -> 'Web1_TaiKhoan' (Score: 0.050)
2025-12-03 11:18:54 [[32MINFO[39M]: ðŸ” Mapping: 'TaiKhoan' -> 'Web1_TaiKhoan' (Score: 0.050)
2025-12-03 11:18:54 [[32MINFO[39M]: ðŸ” Mapping: 'TaiKhoan' -> 'Web1_TaiKhoan' (Score: 0.050)
2025-12-03 11:18:54 [[32MINFO[39M]: ðŸ” Mapping: 'TaiKhoan' -> 'Web1_TaiKhoan' (Score: 0.050)
2025-12-03 11:18:54 [[32MINFO[39M]: ðŸ” Mapping: 'TaiKhoan' -> 'Web1_TaiKhoan' (Score: 0.050)
2025-12-03 11:18:54 [[32MINFO[39M]: ðŸ” Mapping: 'TaiKhoan' -> 'Web1_TaiKhoan' (Score: 0.050)
2025-12-03 11:18:54 [[32MINFO[39M]: ðŸ” Mapping: 'TaiKhoan' -> 'Web1_TaiKhoan' (Score: 0.050)
2025-12-03 11:18:58 [[32MINFO[39M]: ðŸ“Š [Integration] Received=287 | Merged=287
2025-12-03 11:19:03 [[32MINFO[39M]: ðŸ“Š [Integration] Received=287 | Merged=287
2025-12-03 11:19:08 [[32MINFO[39M]: ðŸ“Š [Integration] Received=287 | Merged=287
