2025-12-06 17:32:12 [[31MERROR[39M]:   [Record 8] DB Error: Error: Conversion failed when converting the nvarchar value '﻿MaNCC' to data type int.
2025-12-06 17:32:12 [[31MERROR[39M]:   [Record 1] DB Error: Error: Invalid column name 'DieuKienApDung'.
2025-12-06 17:32:12 [[31MERROR[39M]:   [Record 2] DB Error: Error: Invalid column name 'DieuKienApDung'.
2025-12-06 17:32:12 [[31MERROR[39M]:   [Record 3] DB Error: Error: Invalid column name 'DieuKienApDung'.
2025-12-06 17:32:12 [[31MERROR[39M]:   [Record 4] DB Error: Error: Invalid column name 'DieuKienApDung'.
2025-12-06 17:32:12 [[31MERROR[39M]:   [Record 5] DB Error: Error: Invalid column name 'DieuKienApDung'.
2025-12-06 17:32:12 [[31MERROR[39M]:   [Record 6] DB Error: Error: Invalid column name 'DieuKienApDung'.
2025-12-06 17:32:12 [[31MERROR[39M]:   [Record 1] DB Error: Error: The INSERT statement conflicted with the FOREIGN KEY constraint "FK_SanPham_LoaiHang". The conflict occurred in database "web_kho_merged", table "dbo.LoaiHang", column 'MaLoaiHang'.
2025-12-06 17:32:12 [[31MERROR[39M]:   [Record 2] DB Error: Error: The INSERT statement conflicted with the FOREIGN KEY constraint "FK_SanPham_LoaiHang". The conflict occurred in database "web_kho_merged", table "dbo.LoaiHang", column 'MaLoaiHang'.
2025-12-06 17:32:12 [[31MERROR[39M]:   [Record 3] DB Error: Error: The INSERT statement conflicted with the FOREIGN KEY constraint "FK_SanPham_LoaiHang". The conflict occurred in database "web_kho_merged", table "dbo.LoaiHang", column 'MaLoaiHang'.
2025-12-06 17:32:12 [[31MERROR[39M]:   [Record 4] DB Error: Error: The INSERT statement conflicted with the FOREIGN KEY constraint "FK_SanPham_LoaiHang". The conflict occurred in database "web_kho_merged", table "dbo.LoaiHang", column 'MaLoaiHang'.
2025-12-06 17:32:12 [[31MERROR[39M]:   [Record 5] DB Error: Error: The INSERT statement conflicted with the FOREIGN KEY constraint "FK_SanPham_LoaiHang". The conflict occurred in database "web_kho_merged", table "dbo.LoaiHang", column 'MaLoaiHang'.
2025-12-06 17:32:12 [[31MERROR[39M]:   [Record 6] DB Error: Error: The INSERT statement conflicted with the FOREIGN KEY constraint "FK_SanPham_LoaiHang". The conflict occurred in database "web_kho_merged", table "dbo.LoaiHang", column 'MaLoaiHang'.
2025-12-06 17:32:12 [[31MERROR[39M]:   [Record 7] DB Error: Error: The INSERT statement conflicted with the FOREIGN KEY constraint "FK_SanPham_LoaiHang". The conflict occurred in database "web_kho_merged", table "dbo.LoaiHang", column 'MaLoaiHang'.
2025-12-06 17:32:12 [[31MERROR[39M]:   [Record 8] DB Error: Error: The INSERT statement conflicted with the FOREIGN KEY constraint "FK_SanPham_LoaiHang". The conflict occurred in database "web_kho_merged", table "dbo.LoaiHang", column 'MaLoaiHang'.
2025-12-06 17:32:12 [[31MERROR[39M]:   [Record 9] DB Error: Error: The INSERT statement conflicted with the FOREIGN KEY constraint "FK_SanPham_LoaiHang". The conflict occurred in database "web_kho_merged", table "dbo.LoaiHang", column 'MaLoaiHang'.
2025-12-06 17:32:12 [[31MERROR[39M]:   [Record 10] DB Error: Error: The INSERT statement conflicted with the FOREIGN KEY constraint "FK_SanPham_LoaiHang". The conflict occurred in database "web_kho_merged", table "dbo.LoaiHang", column 'MaLoaiHang'.
2025-12-06 17:32:12 [[31MERROR[39M]:   [Record 11] DB Error: Error: The INSERT statement conflicted with the FOREIGN KEY constraint "FK_SanPham_LoaiHang". The conflict occurred in database "web_kho_merged", table "dbo.LoaiHang", column 'MaLoaiHang'.
2025-12-06 17:32:12 [[31MERROR[39M]:   [Record 12] DB Error: Error: The INSERT statement conflicted with the FOREIGN KEY constraint "FK_SanPham_LoaiHang". The conflict occurred in database "web_kho_merged", table "dbo.LoaiHang", column 'MaLoaiHang'.
2025-12-06 17:32:12 [[31MERROR[39M]:   [Record 13] DB Error: Error: The INSERT statement conflicted with the FOREIGN KEY constraint "FK_SanPham_LoaiHang". The conflict occurred in database "web_kho_merged", table "dbo.LoaiHang", column 'MaLoaiHang'.
2025-12-06 17:32:12 [[31MERROR[39M]:   [Record 14] DB Error: Error: The INSERT statement conflicted with the FOREIGN KEY constraint "FK_SanPham_LoaiHang". The conflict occurred in database "web_kho_merged", table "dbo.LoaiHang", column 'MaLoaiHang'.
2025-12-06 17:32:12 [[31MERROR[39M]:   [Record 1] DB Error: Error: The INSERT statement conflicted with the FOREIGN KEY constraint "FK_SPKM_SanPham". The conflict occurred in database "web_kho_merged", table "dbo.SanPham", column 'MaSP'.
2025-12-06 17:32:12 [[31MERROR[39M]:   [Record 2] DB Error: Error: The INSERT statement conflicted with the FOREIGN KEY constraint "FK_SPKM_SanPham". The conflict occurred in database "web_kho_merged", table "dbo.SanPham", column 'MaSP'.
2025-12-06 17:32:12 [[31MERROR[39M]:   [Record 3] DB Error: Error: The INSERT statement conflicted with the FOREIGN KEY constraint "FK_SPKM_SanPham". The conflict occurred in database "web_kho_merged", table "dbo.SanPham", column 'MaSP'.
2025-12-06 17:32:12 [[31MERROR[39M]:   [Record 4] DB Error: Error: The INSERT statement conflicted with the FOREIGN KEY constraint "FK_SPKM_SanPham". The conflict occurred in database "web_kho_merged", table "dbo.SanPham", column 'MaSP'.
2025-12-06 17:32:12 [[31MERROR[39M]:   [Record 5] DB Error: Error: The INSERT statement conflicted with the FOREIGN KEY constraint "FK_SPKM_SanPham". The conflict occurred in database "web_kho_merged", table "dbo.SanPham", column 'MaSP'.
2025-12-06 17:32:12 [[31MERROR[39M]:   [Record 6] DB Error: Error: Conversion failed when converting the nvarchar value 'MaThue' to data type int.
2025-12-06 17:32:12 [[31MERROR[39M]:   [Record 10] DB Error: Error: Conversion failed when converting the nvarchar value '﻿MaVT' to data type int.
2025-12-06 17:32:12 [[31MERROR[39M]:   [Record 1] DB Error: Error: The INSERT statement conflicted with the FOREIGN KEY constraint "FK_Kho1_TonKho_KhoHang". The conflict occurred in database "web_kho_merged", table "dbo.KhoHang", column 'MaKho'.
2025-12-06 17:32:12 [[31MERROR[39M]:   [Record 2] DB Error: Error: The INSERT statement conflicted with the FOREIGN KEY constraint "FK_Kho1_TonKho_KhoHang". The conflict occurred in database "web_kho_merged", table "dbo.KhoHang", column 'MaKho'.
2025-12-06 17:32:12 [[31MERROR[39M]:   [Record 3] DB Error: Error: The INSERT statement conflicted with the FOREIGN KEY constraint "FK_Kho1_TonKho_KhoHang". The conflict occurred in database "web_kho_merged", table "dbo.KhoHang", column 'MaKho'.
2025-12-06 17:32:12 [[31MERROR[39M]:   [Record 4] DB Error: Error: The INSERT statement conflicted with the FOREIGN KEY constraint "FK_Kho1_TonKho_KhoHang". The conflict occurred in database "web_kho_merged", table "dbo.KhoHang", column 'MaKho'.
2025-12-06 17:32:12 [[31MERROR[39M]:   [Record 5] DB Error: Error: The INSERT statement conflicted with the FOREIGN KEY constraint "FK_Kho1_TonKho_KhoHang". The conflict occurred in database "web_kho_merged", table "dbo.KhoHang", column 'MaKho'.
2025-12-06 17:32:12 [[31MERROR[39M]:   [Record 6] DB Error: Error: The INSERT statement conflicted with the FOREIGN KEY constraint "FK_Kho1_TonKho_KhoHang". The conflict occurred in database "web_kho_merged", table "dbo.KhoHang", column 'MaKho'.
2025-12-06 17:32:12 [[31MERROR[39M]:   [Record 15] DB Error: Error: The INSERT statement conflicted with the FOREIGN KEY constraint "FK_Kho1_TonKho_KhoHang". The conflict occurred in database "web_kho_merged", table "dbo.KhoHang", column 'MaKho'.
2025-12-06 17:32:12 [[31MERROR[39M]:   [Record 1] DB Error: Error: The INSERT statement conflicted with the FOREIGN KEY constraint "FK_TKCT_KhoHang". The conflict occurred in database "web_kho_merged", table "dbo.KhoHang", column 'MaKho'.
2025-12-06 17:32:12 [[31MERROR[39M]:   [Record 2] DB Error: Error: The INSERT statement conflicted with the FOREIGN KEY constraint "FK_TKCT_KhoHang". The conflict occurred in database "web_kho_merged", table "dbo.KhoHang", column 'MaKho'.
2025-12-06 17:32:13 [[31MERROR[39M]:   [Record 3] DB Error: Error: The INSERT statement conflicted with the FOREIGN KEY constraint "FK_TKCT_KhoHang". The conflict occurred in database "web_kho_merged", table "dbo.KhoHang", column 'MaKho'.
2025-12-06 17:32:13 [[31MERROR[39M]:   [Record 4] DB Error: Error: The INSERT statement conflicted with the FOREIGN KEY constraint "FK_TKCT_KhoHang". The conflict occurred in database "web_kho_merged", table "dbo.KhoHang", column 'MaKho'.
2025-12-06 17:32:13 [[31MERROR[39M]:   [Record 5] DB Error: Error: The INSERT statement conflicted with the FOREIGN KEY constraint "FK_TKCT_KhoHang". The conflict occurred in database "web_kho_merged", table "dbo.KhoHang", column 'MaKho'.
2025-12-06 17:32:13 [[31MERROR[39M]:   [Record 6] DB Error: Error: The INSERT statement conflicted with the FOREIGN KEY constraint "FK_TKCT_KhoHang". The conflict occurred in database "web_kho_merged", table "dbo.KhoHang", column 'MaKho'.
2025-12-06 17:32:13 [[31MERROR[39M]:   [Record 7] DB Error: Error: The INSERT statement conflicted with the FOREIGN KEY constraint "FK_TKCT_KhoHang". The conflict occurred in database "web_kho_merged", table "dbo.KhoHang", column 'MaKho'.
2025-12-06 17:32:13 [[31MERROR[39M]:   [Record 1] DB Error: Error: The INSERT statement conflicted with the FOREIGN KEY constraint "FK_Kho1_CTPN_SanPham". The conflict occurred in database "web_kho_merged", table "dbo.SanPham", column 'MaSP'.
2025-12-06 17:32:13 [[31MERROR[39M]:   [Record 2] DB Error: Error: The INSERT statement conflicted with the FOREIGN KEY constraint "FK_Kho1_CTPN_SanPham". The conflict occurred in database "web_kho_merged", table "dbo.SanPham", column 'MaSP'.
2025-12-06 17:32:13 [[31MERROR[39M]:   [Record 3] DB Error: Error: The INSERT statement conflicted with the FOREIGN KEY constraint "FK_Kho1_CTPN_SanPham". The conflict occurred in database "web_kho_merged", table "dbo.SanPham", column 'MaSP'.
2025-12-06 17:32:13 [[31MERROR[39M]:   [Record 4] DB Error: Error: The INSERT statement conflicted with the FOREIGN KEY constraint "FK_Kho1_CTPN_SanPham". The conflict occurred in database "web_kho_merged", table "dbo.SanPham", column 'MaSP'.
2025-12-06 17:32:13 [[31MERROR[39M]:   [Record 5] DB Error: Error: The INSERT statement conflicted with the FOREIGN KEY constraint "FK_Kho1_CTPN_SanPham". The conflict occurred in database "web_kho_merged", table "dbo.SanPham", column 'MaSP'.
2025-12-06 17:32:13 [[31MERROR[39M]:   [Record 6] DB Error: Error: The INSERT statement conflicted with the FOREIGN KEY constraint "FK_Kho1_CTPN_SanPham". The conflict occurred in database "web_kho_merged", table "dbo.SanPham", column 'MaSP'.
2025-12-06 17:32:13 [[31MERROR[39M]:   [Record 7] DB Error: Error: The INSERT statement conflicted with the FOREIGN KEY constraint "FK_Kho1_CTPN_SanPham". The conflict occurred in database "web_kho_merged", table "dbo.SanPham", column 'MaSP'.
2025-12-06 17:32:13 [[31MERROR[39M]:   [Record 8] DB Error: Error: The INSERT statement conflicted with the FOREIGN KEY constraint "FK_Kho1_CTPN_SanPham". The conflict occurred in database "web_kho_merged", table "dbo.SanPham", column 'MaSP'.
2025-12-06 17:32:13 [[31MERROR[39M]:   [Record 9] DB Error: Error: Conversion failed when converting the nvarchar value 'MaPN' to data type int.
2025-12-06 17:32:13 [[31MERROR[39M]:   [Record 11] DB Error: Error: The INSERT statement conflicted with the FOREIGN KEY constraint "FK_Kho1_CTPN_SanPham". The conflict occurred in database "web_kho_merged", table "dbo.SanPham", column 'MaSP'.
2025-12-06 17:32:13 [[31MERROR[39M]:   [Record 12] DB Error: Error: The INSERT statement conflicted with the FOREIGN KEY constraint "FK_Kho1_CTPN_SanPham". The conflict occurred in database "web_kho_merged", table "dbo.SanPham", column 'MaSP'.
2025-12-06 17:32:13 [[31MERROR[39M]:   [Record 13] DB Error: Error: The INSERT statement conflicted with the FOREIGN KEY constraint "FK_Kho1_CTPN_SanPham". The conflict occurred in database "web_kho_merged", table "dbo.SanPham", column 'MaSP'.
2025-12-06 17:32:13 [[31MERROR[39M]:   [Record 15] DB Error: Error: The INSERT statement conflicted with the FOREIGN KEY constraint "FK_Kho1_CTPN_SanPham". The conflict occurred in database "web_kho_merged", table "dbo.SanPham", column 'MaSP'.
2025-12-06 17:32:13 [[31MERROR[39M]:   [Record 1] DB Error: Error: The INSERT statement conflicted with the FOREIGN KEY constraint "FK_Kho1_PhieuXuat_HoaDon". The conflict occurred in database "web_kho_merged", table "dbo.Web1_HoaDon", column 'MaHD'.
2025-12-06 17:32:13 [[31MERROR[39M]:   [Record 2] DB Error: Error: The INSERT statement conflicted with the FOREIGN KEY constraint "FK_Kho1_PhieuXuat_HoaDon". The conflict occurred in database "web_kho_merged", table "dbo.Web1_HoaDon", column 'MaHD'.
2025-12-06 17:32:13 [[31MERROR[39M]:   [Record 3] DB Error: Error: The INSERT statement conflicted with the FOREIGN KEY constraint "FK_Kho1_PhieuXuat_HoaDon". The conflict occurred in database "web_kho_merged", table "dbo.Web1_HoaDon", column 'MaHD'.
2025-12-06 17:32:13 [[31MERROR[39M]:   [Record 1] DB Error: Error: The INSERT statement conflicted with the FOREIGN KEY constraint "FK_Kho1_CTPX_PhieuXuat". The conflict occurred in database "web_kho_merged", table "dbo.Kho1_PhieuXuat", column 'MaPX'.
2025-12-06 17:32:13 [[31MERROR[39M]:   [Record 2] DB Error: Error: The INSERT statement conflicted with the FOREIGN KEY constraint "FK_Kho1_CTPX_PhieuXuat". The conflict occurred in database "web_kho_merged", table "dbo.Kho1_PhieuXuat", column 'MaPX'.
2025-12-06 17:32:13 [[31MERROR[39M]:   [Record 3] DB Error: Error: The INSERT statement conflicted with the FOREIGN KEY constraint "FK_Kho1_CTPX_PhieuXuat". The conflict occurred in database "web_kho_merged", table "dbo.Kho1_PhieuXuat", column 'MaPX'.
2025-12-06 17:32:13 [[31MERROR[39M]:   [Record 4] DB Error: Error: The INSERT statement conflicted with the FOREIGN KEY constraint "FK_Kho1_CTPX_PhieuXuat". The conflict occurred in database "web_kho_merged", table "dbo.Kho1_PhieuXuat", column 'MaPX'.
2025-12-06 17:32:13 [[31MERROR[39M]:   [Record 7] DB Error: Error: The INSERT statement conflicted with the FOREIGN KEY constraint "FK_Kho1_CTPX_PhieuXuat". The conflict occurred in database "web_kho_merged", table "dbo.Kho1_PhieuXuat", column 'MaPX'.
2025-12-06 17:32:13 [[31MERROR[39M]:   [Record 1] DB Error: Error: The INSERT statement conflicted with the FOREIGN KEY constraint "FK_CTKK_SanPham". The conflict occurred in database "web_kho_merged", table "dbo.SanPham", column 'MaSP'.
2025-12-06 17:32:13 [[31MERROR[39M]:   [Record 2] DB Error: Error: The INSERT statement conflicted with the FOREIGN KEY constraint "FK_CTKK_SanPham". The conflict occurred in database "web_kho_merged", table "dbo.SanPham", column 'MaSP'.
2025-12-06 17:32:13 [[31MERROR[39M]:   [Record 3] DB Error: Error: The INSERT statement conflicted with the FOREIGN KEY constraint "FK_CTKK_PhieuKiemKe". The conflict occurred in database "web_kho_merged", table "dbo.Kho1_PhieuKiemKe", column 'MaKK'.
2025-12-06 17:32:13 [[31MERROR[39M]:   [Record 4] DB Error: Error: The INSERT statement conflicted with the FOREIGN KEY constraint "FK_CTKK_SanPham". The conflict occurred in database "web_kho_merged", table "dbo.SanPham", column 'MaSP'.
2025-12-06 17:32:13 [[31MERROR[39M]:   [Record 1] DB Error: Error: The INSERT statement conflicted with the FOREIGN KEY constraint "FK_Web1_HoaDon_KhuyenMai". The conflict occurred in database "web_kho_merged", table "dbo.KhuyenMai", column 'MaKM'.
2025-12-06 17:32:13 [[31MERROR[39M]:   [Record 2] DB Error: Error: The INSERT statement conflicted with the FOREIGN KEY constraint "FK_Web1_HoaDon_KhuyenMai". The conflict occurred in database "web_kho_merged", table "dbo.KhuyenMai", column 'MaKM'.
2025-12-06 17:32:13 [[31MERROR[39M]:   [Record 3] DB Error: Error: The INSERT statement conflicted with the FOREIGN KEY constraint "FK_Web1_HoaDon_KhuyenMai". The conflict occurred in database "web_kho_merged", table "dbo.KhuyenMai", column 'MaKM'.
2025-12-06 17:32:13 [[31MERROR[39M]:   [Record 4] DB Error: Error: The INSERT statement conflicted with the FOREIGN KEY constraint "FK_Web1_HoaDon_KhuyenMai". The conflict occurred in database "web_kho_merged", table "dbo.KhuyenMai", column 'MaKM'.
2025-12-06 17:32:13 [[31MERROR[39M]:   [Record 5] DB Error: Error: The INSERT statement conflicted with the FOREIGN KEY constraint "FK_Web1_HoaDon_KhuyenMai". The conflict occurred in database "web_kho_merged", table "dbo.KhuyenMai", column 'MaKM'.
2025-12-06 17:32:13 [[31MERROR[39M]:   [Record 6] DB Error: Error: The INSERT statement conflicted with the FOREIGN KEY constraint "FK_Web1_HoaDon_KhuyenMai". The conflict occurred in database "web_kho_merged", table "dbo.KhuyenMai", column 'MaKM'.
2025-12-06 17:32:13 [[31MERROR[39M]:   [Record 7] DB Error: Error: The INSERT statement conflicted with the FOREIGN KEY constraint "FK_Web1_HoaDon_KhuyenMai". The conflict occurred in database "web_kho_merged", table "dbo.KhuyenMai", column 'MaKM'.
2025-12-06 17:32:13 [[31MERROR[39M]:   [Record 8] DB Error: Error: The INSERT statement conflicted with the FOREIGN KEY constraint "FK_Web1_HoaDon_KhuyenMai". The conflict occurred in database "web_kho_merged", table "dbo.KhuyenMai", column 'MaKM'.
2025-12-06 17:32:13 [[31MERROR[39M]:   [Record 9] DB Error: Error: The INSERT statement conflicted with the FOREIGN KEY constraint "FK_Web1_HoaDon_KhuyenMai". The conflict occurred in database "web_kho_merged", table "dbo.KhuyenMai", column 'MaKM'.
2025-12-06 17:32:13 [[31MERROR[39M]:   [Record 11] DB Error: Error: The INSERT statement conflicted with the FOREIGN KEY constraint "FK_Web1_HoaDon_KhuyenMai". The conflict occurred in database "web_kho_merged", table "dbo.KhuyenMai", column 'MaKM'.
2025-12-06 17:32:13 [[31MERROR[39M]:   [Record 1] DB Error: Error: The INSERT statement conflicted with the FOREIGN KEY constraint "FK_Web1_CTHD_HoaDon". The conflict occurred in database "web_kho_merged", table "dbo.Web1_HoaDon", column 'MaHD'.
2025-12-06 17:32:13 [[31MERROR[39M]:   [Record 2] DB Error: Error: The INSERT statement conflicted with the FOREIGN KEY constraint "FK_Web1_CTHD_HoaDon". The conflict occurred in database "web_kho_merged", table "dbo.Web1_HoaDon", column 'MaHD'.
2025-12-06 17:32:13 [[31MERROR[39M]:   [Record 3] DB Error: Error: The INSERT statement conflicted with the FOREIGN KEY constraint "FK_Web1_CTHD_HoaDon". The conflict occurred in database "web_kho_merged", table "dbo.Web1_HoaDon", column 'MaHD'.
2025-12-06 17:32:13 [[31MERROR[39M]:   [Record 4] DB Error: Error: The INSERT statement conflicted with the FOREIGN KEY constraint "FK_Web1_CTHD_HoaDon". The conflict occurred in database "web_kho_merged", table "dbo.Web1_HoaDon", column 'MaHD'.
2025-12-06 17:32:13 [[31MERROR[39M]:   [Record 5] DB Error: Error: The INSERT statement conflicted with the FOREIGN KEY constraint "FK_Web1_CTHD_HoaDon". The conflict occurred in database "web_kho_merged", table "dbo.Web1_HoaDon", column 'MaHD'.
2025-12-06 17:32:13 [[31MERROR[39M]:   [Record 6] DB Error: Error: The INSERT statement conflicted with the FOREIGN KEY constraint "FK_Web1_CTHD_HoaDon". The conflict occurred in database "web_kho_merged", table "dbo.Web1_HoaDon", column 'MaHD'.
2025-12-06 17:32:13 [[31MERROR[39M]:   [Record 7] DB Error: Error: The INSERT statement conflicted with the FOREIGN KEY constraint "FK_Web1_CTHD_HoaDon". The conflict occurred in database "web_kho_merged", table "dbo.Web1_HoaDon", column 'MaHD'.
2025-12-06 17:32:13 [[31MERROR[39M]:   [Record 8] DB Error: Error: The INSERT statement conflicted with the FOREIGN KEY constraint "FK_Web1_CTHD_HoaDon". The conflict occurred in database "web_kho_merged", table "dbo.Web1_HoaDon", column 'MaHD'.
2025-12-06 17:32:13 [[31MERROR[39M]:   [Record 1] DB Error: Error: The INSERT statement conflicted with the FOREIGN KEY constraint "FK_Web1_GioHang_SanPham". The conflict occurred in database "web_kho_merged", table "dbo.SanPham", column 'MaSP'.
2025-12-06 17:32:13 [[31MERROR[39M]:   [Record 2] DB Error: Error: The INSERT statement conflicted with the FOREIGN KEY constraint "FK_Web1_GioHang_SanPham". The conflict occurred in database "web_kho_merged", table "dbo.SanPham", column 'MaSP'.
2025-12-06 17:32:13 [[31MERROR[39M]:   [Record 3] DB Error: Error: The INSERT statement conflicted with the FOREIGN KEY constraint "FK_Web1_GioHang_SanPham". The conflict occurred in database "web_kho_merged", table "dbo.SanPham", column 'MaSP'.
2025-12-06 17:32:13 [[31MERROR[39M]:   [Record 4] DB Error: Error: The INSERT statement conflicted with the FOREIGN KEY constraint "FK_Web1_GioHang_SanPham". The conflict occurred in database "web_kho_merged", table "dbo.SanPham", column 'MaSP'.
2025-12-06 17:32:13 [[31MERROR[39M]:   [Record 5] DB Error: Error: The INSERT statement conflicted with the FOREIGN KEY constraint "FK_Web1_GioHang_SanPham". The conflict occurred in database "web_kho_merged", table "dbo.SanPham", column 'MaSP'.
2025-12-06 17:32:13 [[31MERROR[39M]:   [Record 1] DB Error: Error: The INSERT statement conflicted with the FOREIGN KEY constraint "FK_Web1_DanhGia_SanPham". The conflict occurred in database "web_kho_merged", table "dbo.SanPham", column 'MaSP'.
2025-12-06 17:32:13 [[31MERROR[39M]:   [Record 2] DB Error: Error: The INSERT statement conflicted with the FOREIGN KEY constraint "FK_Web1_DanhGia_SanPham". The conflict occurred in database "web_kho_merged", table "dbo.SanPham", column 'MaSP'.
2025-12-06 17:32:13 [[31MERROR[39M]:   [Record 3] DB Error: Error: The INSERT statement conflicted with the FOREIGN KEY constraint "FK_Web1_DanhGia_SanPham". The conflict occurred in database "web_kho_merged", table "dbo.SanPham", column 'MaSP'.
2025-12-06 17:32:13 [[31MERROR[39M]:   [Record 4] DB Error: Error: The INSERT statement conflicted with the FOREIGN KEY constraint "FK_Web1_DanhGia_SanPham". The conflict occurred in database "web_kho_merged", table "dbo.SanPham", column 'MaSP'.
2025-12-06 17:32:13 [[31MERROR[39M]:   [Record 5] DB Error: Error: The INSERT statement conflicted with the FOREIGN KEY constraint "FK_Web1_DanhGia_SanPham". The conflict occurred in database "web_kho_merged", table "dbo.SanPham", column 'MaSP'.
2025-12-06 17:32:13 [[31MERROR[39M]:   [Record 6] DB Error: Error: The INSERT statement conflicted with the FOREIGN KEY constraint "FK_Web1_DanhGia_SanPham". The conflict occurred in database "web_kho_merged", table "dbo.SanPham", column 'MaSP'.
2025-12-06 17:32:13 [[31MERROR[39M]:   [Record 1] DB Error: Error: The INSERT statement conflicted with the FOREIGN KEY constraint "FK_Web1_ThanhToan_HoaDon". The conflict occurred in database "web_kho_merged", table "dbo.Web1_HoaDon", column 'MaHD'.
2025-12-06 17:32:13 [[31MERROR[39M]:   [Record 2] DB Error: Error: The INSERT statement conflicted with the FOREIGN KEY constraint "FK_Web1_ThanhToan_HoaDon". The conflict occurred in database "web_kho_merged", table "dbo.Web1_HoaDon", column 'MaHD'.
2025-12-06 17:32:13 [[31MERROR[39M]:   [Record 3] DB Error: Error: The INSERT statement conflicted with the FOREIGN KEY constraint "FK_Web1_ThanhToan_HoaDon". The conflict occurred in database "web_kho_merged", table "dbo.Web1_HoaDon", column 'MaHD'.
2025-12-06 17:32:13 [[31MERROR[39M]:   [Record 4] DB Error: Error: The INSERT statement conflicted with the FOREIGN KEY constraint "FK_Web1_ThanhToan_HoaDon". The conflict occurred in database "web_kho_merged", table "dbo.Web1_HoaDon", column 'MaHD'.
2025-12-06 17:32:13 [[31MERROR[39M]:   [Record 5] DB Error: Error: The INSERT statement conflicted with the FOREIGN KEY constraint "FK_Web1_ThanhToan_HoaDon". The conflict occurred in database "web_kho_merged", table "dbo.Web1_HoaDon", column 'MaHD'.
2025-12-06 17:32:13 [[31MERROR[39M]:   [Record 1] DB Error: Error: The INSERT statement conflicted with the FOREIGN KEY constraint "FK_LSDH_HoaDon". The conflict occurred in database "web_kho_merged", table "dbo.Web1_HoaDon", column 'MaHD'.
2025-12-06 17:32:13 [[31MERROR[39M]:   [Record 2] DB Error: Error: The INSERT statement conflicted with the FOREIGN KEY constraint "FK_LSDH_HoaDon". The conflict occurred in database "web_kho_merged", table "dbo.Web1_HoaDon", column 'MaHD'.
2025-12-06 17:32:13 [[31MERROR[39M]:   [Record 3] DB Error: Error: The INSERT statement conflicted with the FOREIGN KEY constraint "FK_LSDH_HoaDon". The conflict occurred in database "web_kho_merged", table "dbo.Web1_HoaDon", column 'MaHD'.
2025-12-06 17:32:13 [[31MERROR[39M]:   [Record 4] DB Error: Error: The INSERT statement conflicted with the FOREIGN KEY constraint "FK_LSDH_HoaDon". The conflict occurred in database "web_kho_merged", table "dbo.Web1_HoaDon", column 'MaHD'.
2025-12-06 17:32:13 [[31MERROR[39M]:   [Record 5] DB Error: Error: The INSERT statement conflicted with the FOREIGN KEY constraint "FK_LSDH_HoaDon". The conflict occurred in database "web_kho_merged", table "dbo.Web1_HoaDon", column 'MaHD'.
2025-12-06 17:32:13 [[31MERROR[39M]:   [Record 6] DB Error: Error: The INSERT statement conflicted with the FOREIGN KEY constraint "FK_LSDH_HoaDon". The conflict occurred in database "web_kho_merged", table "dbo.Web1_HoaDon", column 'MaHD'.
2025-12-06 17:32:13 [[31MERROR[39M]:   [Record 7] DB Error: Error: The INSERT statement conflicted with the FOREIGN KEY constraint "FK_LSDH_HoaDon". The conflict occurred in database "web_kho_merged", table "dbo.Web1_HoaDon", column 'MaHD'.
2025-12-06 17:32:13 [[31MERROR[39M]:   [Record 1] DB Error: Error: The INSERT statement conflicted with the FOREIGN KEY constraint "FK_VanDon_HoaDon". The conflict occurred in database "web_kho_merged", table "dbo.Web1_HoaDon", column 'MaHD'.
2025-12-06 17:32:13 [[31MERROR[39M]:   [Record 2] DB Error: Error: The INSERT statement conflicted with the FOREIGN KEY constraint "FK_VanDon_HoaDon". The conflict occurred in database "web_kho_merged", table "dbo.Web1_HoaDon", column 'MaHD'.
2025-12-06 17:32:13 [[31MERROR[39M]:   [Record 3] DB Error: Error: The INSERT statement conflicted with the FOREIGN KEY constraint "FK_VanDon_HoaDon". The conflict occurred in database "web_kho_merged", table "dbo.Web1_HoaDon", column 'MaHD'.
2025-12-06 17:32:13 [[31MERROR[39M]:   [Record 4] DB Error: Error: Validation failed for parameter '2'. Invalid number.
2025-12-06 17:32:13 [[31MERROR[39M]:   [Record 1] DB Error: Error: The INSERT statement conflicted with the FOREIGN KEY constraint "FK_Kho1_PTH_HoaDon". The conflict occurred in database "web_kho_merged", table "dbo.Web1_HoaDon", column 'MaHD'.
2025-12-06 17:32:13 [[31MERROR[39M]:   [Record 2] DB Error: Error: The INSERT statement conflicted with the FOREIGN KEY constraint "FK_Kho1_PTH_HoaDon". The conflict occurred in database "web_kho_merged", table "dbo.Web1_HoaDon", column 'MaHD'.
2025-12-06 17:32:13 [[31MERROR[39M]:   [Record 3] DB Error: Error: The INSERT statement conflicted with the FOREIGN KEY constraint "FK_Kho1_PTH_HoaDon". The conflict occurred in database "web_kho_merged", table "dbo.Web1_HoaDon", column 'MaHD'.
2025-12-06 17:32:13 [[31MERROR[39M]:   [Record 1] DB Error: Error: Invalid column name 'LyDoTra'.
2025-12-06 17:32:13 [[31MERROR[39M]:   [Record 2] DB Error: Error: Invalid column name 'LyDoTra'.
2025-12-06 17:32:13 [[31MERROR[39M]:   [Record 3] DB Error: Error: Invalid column name 'LyDoTra'.
