2025-12-03 11:17:30 [[31MERROR[39M]: TSError: тип Unable to compile TypeScript:
[96msrc/pipeline/ConcreteHandlers/DeduplicationHandler.ts[0m:[93m27[0m:[93m52[0m - [91merror[0m[90m TS2345: [0mArgument of type 'string | undefined' is not assignable to parameter of type 'string'.
  Type 'undefined' is not assignable to type 'string'.

[7m27[0m         const isUnique = Deduplicator.checkAndMark(context.tableName, hash);
[7m  [0m [91m                                                   ~~~~~~~~~~~~~~~~~[0m

    at createTSError (C:\Users\ACER\AppData\Local\npm-cache\_npx\1bf7c3c15bf47d04\node_modules\ts-node\src\index.ts:859:12)
    at reportTSError (C:\Users\ACER\AppData\Local\npm-cache\_npx\1bf7c3c15bf47d04\node_modules\ts-node\src\index.ts:863:19)
    at getOutput (C:\Users\ACER\AppData\Local\npm-cache\_npx\1bf7c3c15bf47d04\node_modules\ts-node\src\index.ts:1077:36)
    at Object.compile (C:\Users\ACER\AppData\Local\npm-cache\_npx\1bf7c3c15bf47d04\node_modules\ts-node\src\index.ts:1433:41)
    at Module.m._compile (C:\Users\ACER\AppData\Local\npm-cache\_npx\1bf7c3c15bf47d04\node_modules\ts-node\src\index.ts:1617:30)
    at node:internal/modules/cjs/loader:1895:10
    at Object.require.extensions.<computed> [as .ts] (C:\Users\ACER\AppData\Local\npm-cache\_npx\1bf7c3c15bf47d04\node_modules\ts-node\src\index.ts:1621:12)
    at Module.load (node:internal/modules/cjs/loader:1465:32)
    at Function._load (node:internal/modules/cjs/loader:1282:12)
    at TracingChannel.traceSync (node:diagnostics_channel:322:14)
2025-12-03 11:19:22 [[31MERROR[39M]: TSError: тип Unable to compile TypeScript:
[96msrc/pipeline/ConcreteHandlers/DeduplicationHandler.ts[0m:[93m27[0m:[93m52[0m - [91merror[0m[90m TS2345: [0mArgument of type 'string | undefined' is not assignable to parameter of type 'string'.
  Type 'undefined' is not assignable to type 'string'.

[7m27[0m         const isUnique = Deduplicator.checkAndMark(context.tableName, hash);
[7m  [0m [91m                                                   ~~~~~~~~~~~~~~~~~[0m

    at createTSError (C:\Users\ACER\AppData\Local\npm-cache\_npx\1bf7c3c15bf47d04\node_modules\ts-node\src\index.ts:859:12)
    at reportTSError (C:\Users\ACER\AppData\Local\npm-cache\_npx\1bf7c3c15bf47d04\node_modules\ts-node\src\index.ts:863:19)
    at getOutput (C:\Users\ACER\AppData\Local\npm-cache\_npx\1bf7c3c15bf47d04\node_modules\ts-node\src\index.ts:1077:36)
    at Object.compile (C:\Users\ACER\AppData\Local\npm-cache\_npx\1bf7c3c15bf47d04\node_modules\ts-node\src\index.ts:1433:41)
    at Module.m._compile (C:\Users\ACER\AppData\Local\npm-cache\_npx\1bf7c3c15bf47d04\node_modules\ts-node\src\index.ts:1617:30)
    at node:internal/modules/cjs/loader:1895:10
    at Object.require.extensions.<computed> [as .ts] (C:\Users\ACER\AppData\Local\npm-cache\_npx\1bf7c3c15bf47d04\node_modules\ts-node\src\index.ts:1621:12)
    at Module.load (node:internal/modules/cjs/loader:1465:32)
    at Function._load (node:internal/modules/cjs/loader:1282:12)
    at TracingChannel.traceSync (node:diagnostics_channel:322:14)
2025-12-03 11:20:46 [[31MERROR[39M]: TSError: тип Unable to compile TypeScript:
[96msrc/pipeline/ConcreteHandlers/ParseHandler.ts[0m:[93m10[0m:[93m45[0m - [91merror[0m[90m TS2345: [0mArgument of type 'string | undefined' is not assignable to parameter of type 'string'.
  Type 'undefined' is not assignable to type 'string'.

[7m10[0m       context.entity = EntityFactory.create(context.tableName, context.rawData);
[7m  [0m [91m                                            ~~~~~~~~~~~~~~~~~[0m

    at createTSError (C:\Users\ACER\AppData\Local\npm-cache\_npx\1bf7c3c15bf47d04\node_modules\ts-node\src\index.ts:859:12)
    at reportTSError (C:\Users\ACER\AppData\Local\npm-cache\_npx\1bf7c3c15bf47d04\node_modules\ts-node\src\index.ts:863:19)
    at getOutput (C:\Users\ACER\AppData\Local\npm-cache\_npx\1bf7c3c15bf47d04\node_modules\ts-node\src\index.ts:1077:36)
    at Object.compile (C:\Users\ACER\AppData\Local\npm-cache\_npx\1bf7c3c15bf47d04\node_modules\ts-node\src\index.ts:1433:41)
    at Module.m._compile (C:\Users\ACER\AppData\Local\npm-cache\_npx\1bf7c3c15bf47d04\node_modules\ts-node\src\index.ts:1617:30)
    at node:internal/modules/cjs/loader:1895:10
    at Object.require.extensions.<computed> [as .ts] (C:\Users\ACER\AppData\Local\npm-cache\_npx\1bf7c3c15bf47d04\node_modules\ts-node\src\index.ts:1621:12)
    at Module.load (node:internal/modules/cjs/loader:1465:32)
    at Function._load (node:internal/modules/cjs/loader:1282:12)
    at TracingChannel.traceSync (node:diagnostics_channel:322:14)
